# JRE version: Java(TM) SE Runtime Environment 18.9 (11.0.17+10) (build 11.0.17+10-LTS-269)
# Java VM: Java HotSpot(TM) 64-Bit Server VM 18.9 (11.0.17+10-LTS-269, mixed mode, tiered, compressed oops, g1 gc, windows-amd64)
Heap:
 garbage-first heap   total 262144K, used 29674K [0x00000000e0000000, 0x0000000100000000)
  region size 1024K, 14 young (14336K), 6 survivors (6144K)
 Metaspace       used 37222K, capacity 38161K, committed 38400K, reserved 288768K
  class space    used 4944K, capacity 5350K, committed 5376K, reserved 253952K
GC Heap History (8 events):
Event: 0.432 GC heap before
{Heap before GC invocations=0 (full 0):
 garbage-first heap   total 262144K, used 27648K [0x00000000e0000000, 0x0000000100000000)
  region size 1024K, 24 young (24576K), 0 survivors (0K)
 Metaspace       used 9873K, capacity 10139K, committed 10368K, reserved 264192K
  class space    used 1025K, capacity 1105K, committed 1152K, reserved 253952K
}
Event: 0.435 GC heap after
{Heap after GC invocations=1 (full 0):
 garbage-first heap   total 262144K, used 9641K [0x00000000e0000000, 0x0000000100000000)
  region size 1024K, 3 young (3072K), 3 survivors (3072K)
 Metaspace       used 9873K, capacity 10139K, committed 10368K, reserved 264192K
  class space    used 1025K, capacity 1105K, committed 1152K, reserved 253952K
}
Event: 1.487 GC heap before
{Heap before GC invocations=1 (full 0):
 garbage-first heap   total 262144K, used 113065K [0x00000000e0000000, 0x0000000100000000)
  region size 1024K, 105 young (107520K), 3 survivors (3072K)
 Metaspace       used 20690K, capacity 21093K, committed 21248K, reserved 272384K
  class space    used 2560K, capacity 2723K, committed 2816K, reserved 253952K
}
Event: 1.492 GC heap after
{Heap after GC invocations=2 (full 0):
 garbage-first heap   total 262144K, used 17253K [0x00000000e0000000, 0x0000000100000000)
  region size 1024K, 11 young (11264K), 11 survivors (11264K)
 Metaspace       used 20690K, capacity 21093K, committed 21248K, reserved 272384K
  class space    used 2560K, capacity 2723K, committed 2816K, reserved 253952K
}
Event: 1.917 GC heap before
{Heap before GC invocations=3 (full 0):
 garbage-first heap   total 262144K, used 90981K [0x00000000e0000000, 0x0000000100000000)
  region size 1024K, 83 young (84992K), 11 survivors (11264K)
 Metaspace       used 27634K, capacity 28353K, committed 28672K, reserved 278528K
  class space    used 3697K, capacity 3988K, committed 4096K, reserved 253952K
}
Event: 1.925 GC heap after
{Heap after GC invocations=4 (full 0):
 garbage-first heap   total 262144K, used 19704K [0x00000000e0000000, 0x0000000100000000)
  region size 1024K, 3 young (3072K), 3 survivors (3072K)
 Metaspace       used 27634K, capacity 28353K, committed 28672K, reserved 278528K
  class space    used 3697K, capacity 3988K, committed 4096K, reserved 253952K
}
Event: 2.343 GC heap before
{Heap before GC invocations=4 (full 0):
 garbage-first heap   total 262144K, used 73976K [0x00000000e0000000, 0x0000000100000000)
  region size 1024K, 57 young (58368K), 3 survivors (3072K)
 Metaspace       used 34869K, capacity 35737K, committed 35840K, reserved 286720K
  class space    used 4635K, capacity 4966K, committed 4992K, reserved 253952K
}
Event: 2.346 GC heap after
{Heap after GC invocations=5 (full 0):
 garbage-first heap   total 262144K, used 22506K [0x00000000e0000000, 0x0000000100000000)
  region size 1024K, 6 young (6144K), 6 survivors (6144K)
 Metaspace       used 34869K, capacity 35737K, committed 35840K, reserved 286720K
  class space    used 4635K, capacity 4966K, committed 4992K, reserved 253952K
}

