# JRE version: Java(TM) SE Runtime Environment 18.9 (11.0.17+10) (build 11.0.17+10-LTS-269)
# Java VM: Java HotSpot(TM) 64-Bit Server VM 18.9 (11.0.17+10-LTS-269, mixed mode, tiered, compressed oops, g1 gc, windows-amd64)
Heap:
 garbage-first heap   total 262144K, used 104283K [0x00000000e0000000, 0x0000000100000000)
  region size 1024K, 86 young (88064K), 2 survivors (2048K)
 Metaspace       used 34625K, capacity 35477K, committed 35712K, reserved 284672K
  class space    used 4621K, capacity 4962K, committed 4992K, reserved 253952K
GC Heap History (6 events):
Event: 0.532 GC heap before
{Heap before GC invocations=0 (full 0):
 garbage-first heap   total 262144K, used 27648K [0x00000000e0000000, 0x0000000100000000)
  region size 1024K, 24 young (24576K), 0 survivors (0K)
 Metaspace       used 9820K, capacity 10136K, committed 10368K, reserved 264192K
  class space    used 1016K, capacity 1104K, committed 1152K, reserved 253952K
}
Event: 0.535 GC heap after
{Heap after GC invocations=1 (full 0):
 garbage-first heap   total 262144K, used 9350K [0x00000000e0000000, 0x0000000100000000)
  region size 1024K, 3 young (3072K), 3 survivors (3072K)
 Metaspace       used 9820K, capacity 10136K, committed 10368K, reserved 264192K
  class space    used 1016K, capacity 1104K, committed 1152K, reserved 253952K
}
Event: 1.660 GC heap before
{Heap before GC invocations=1 (full 0):
 garbage-first heap   total 262144K, used 113798K [0x00000000e0000000, 0x0000000100000000)
  region size 1024K, 105 young (107520K), 3 survivors (3072K)
 Metaspace       used 20690K, capacity 21093K, committed 21248K, reserved 272384K
  class space    used 2562K, capacity 2723K, committed 2816K, reserved 253952K
}
Event: 1.666 GC heap after
{Heap after GC invocations=2 (full 0):
 garbage-first heap   total 262144K, used 17315K [0x00000000e0000000, 0x0000000100000000)
  region size 1024K, 11 young (11264K), 11 survivors (11264K)
 Metaspace       used 20690K, capacity 21093K, committed 21248K, reserved 272384K
  class space    used 2562K, capacity 2723K, committed 2816K, reserved 253952K
}
Event: 1.895 GC heap before
{Heap before GC invocations=3 (full 0):
 garbage-first heap   total 262144K, used 58275K [0x00000000e0000000, 0x0000000100000000)
  region size 1024K, 51 young (52224K), 11 survivors (11264K)
 Metaspace       used 24455K, capacity 25070K, committed 25216K, reserved 276480K
  class space    used 3191K, capacity 3416K, committed 3456K, reserved 253952K
}
Event: 1.900 GC heap after
{Heap after GC invocations=4 (full 0):
 garbage-first heap   total 262144K, used 19291K [0x00000000e0000000, 0x0000000100000000)
  region size 1024K, 2 young (2048K), 2 survivors (2048K)
 Metaspace       used 24455K, capacity 25070K, committed 25216K, reserved 276480K
  class space    used 3191K, capacity 3416K, committed 3456K, reserved 253952K
}

